# JRE version: OpenJDK Runtime Environment (8.0_152-b02) (build 1.8.0_152-release-1024-b02)
# Java VM: OpenJDK 64-Bit Server VM (25.152-b02 mixed mode windows-amd64 compressed oops)
Heap:
 PSYoungGen      total 278528K, used 128627K [0x00000000e0000000, 0x00000000f4080000, 0x0000000100000000)
  eden space 260608K, 42% used [0x00000000e0000000,0x00000000e6c91b68,0x00000000efe80000)
  from space 17920K, 97% used [0x00000000f0780000,0x00000000f188b0c0,0x00000000f1900000)
  to   space 33792K, 0% used [0x00000000f1f80000,0x00000000f1f80000,0x00000000f4080000)
 ParOldGen       total 159232K, used 62229K [0x00000000a0000000, 0x00000000a9b80000, 0x00000000e0000000)
  object space 159232K, 39% used [0x00000000a0000000,0x00000000a3cc57d0,0x00000000a9b80000)
 Metaspace       used 85275K, capacity 89922K, committed 90240K, reserved 1128448K
  class space    used 11037K, capacity 12036K, committed 12160K, reserved 1048576K
GC Heap History (10 events):
Event: 112.996 GC heap before
{Heap before GC invocations=18 (full 3):
 PSYoungGen      total 248832K, used 248815K [0x00000000e0000000, 0x00000000f2980000, 0x0000000100000000)
  eden space 221184K, 100% used [0x00000000e0000000,0x00000000ed800000,0x00000000ed800000)
  from space 27648K, 99% used [0x00000000efe00000,0x00000000f18fbf98,0x00000000f1900000)
  to   space 38912K, 0% used [0x00000000ed800000,0x00000000ed800000,0x00000000efe00000)
 ParOldGen       total 159232K, used 56916K [0x00000000a0000000, 0x00000000a9b80000, 0x00000000e0000000)
  object space 159232K, 35% used [0x00000000a0000000,0x00000000a3795140,0x00000000a9b80000)
 Metaspace       used 69848K, capacity 73332K, committed 73472K, reserved 1112064K
  class space    used 9127K, capacity 9919K, committed 9984K, reserved 1048576K
Event: 113.051 GC heap after
Heap after GC invocations=18 (full 3):
 PSYoungGen      total 260096K, used 5932K [0x00000000e0000000, 0x00000000f4500000, 0x0000000100000000)
  eden space 221184K, 0% used [0x00000000e0000000,0x00000000e0000000,0x00000000ed800000)
  from space 38912K, 15% used [0x00000000ed800000,0x00000000eddcb0b0,0x00000000efe00000)
  to   space 38400K, 0% used [0x00000000f1f80000,0x00000000f1f80000,0x00000000f4500000)
 ParOldGen       total 159232K, used 62189K [0x00000000a0000000, 0x00000000a9b80000, 0x00000000e0000000)
  object space 159232K, 39% used [0x00000000a0000000,0x00000000a3cbb7d0,0x00000000a9b80000)
 Metaspace       used 69848K, capacity 73332K, committed 73472K, reserved 1112064K
  class space    used 9127K, capacity 9919K, committed 9984K, reserved 1048576K
}
Event: 430.843 GC heap before
{Heap before GC invocations=19 (full 3):
 PSYoungGen      total 260096K, used 227116K [0x00000000e0000000, 0x00000000f4500000, 0x0000000100000000)
  eden space 221184K, 100% used [0x00000000e0000000,0x00000000ed800000,0x00000000ed800000)
  from space 38912K, 15% used [0x00000000ed800000,0x00000000eddcb0b0,0x00000000efe00000)
  to   space 38400K, 0% used [0x00000000f1f80000,0x00000000f1f80000,0x00000000f4500000)
 ParOldGen       total 159232K, used 62189K [0x00000000a0000000, 0x00000000a9b80000, 0x00000000e0000000)
  object space 159232K, 39% used [0x00000000a0000000,0x00000000a3cbb7d0,0x00000000a9b80000)
 Metaspace       used 71060K, capacity 74806K, committed 74880K, reserved 1114112K
  class space    used 9273K, capacity 10100K, committed 10112K, reserved 1048576K
Event: 430.863 GC heap after
Heap after GC invocations=19 (full 3):
 PSYoungGen      total 276992K, used 14320K [0x00000000e0000000, 0x00000000f3a80000, 0x0000000100000000)
  eden space 249344K, 0% used [0x00000000e0000000,0x00000000e0000000,0x00000000ef380000)
  from space 27648K, 51% used [0x00000000f1f80000,0x00000000f2d7c2d0,0x00000000f3a80000)
  to   space 36352K, 0% used [0x00000000ef380000,0x00000000ef380000,0x00000000f1700000)
 ParOldGen       total 159232K, used 62197K [0x00000000a0000000, 0x00000000a9b80000, 0x00000000e0000000)
  object space 159232K, 39% used [0x00000000a0000000,0x00000000a3cbd7d0,0x00000000a9b80000)
 Metaspace       used 71060K, capacity 74806K, committed 74880K, reserved 1114112K
  class space    used 9273K, capacity 10100K, committed 10112K, reserved 1048576K
}
Event: 435.998 GC heap before
{Heap before GC invocations=20 (full 3):
 PSYoungGen      total 276992K, used 263664K [0x00000000e0000000, 0x00000000f3a80000, 0x0000000100000000)
  eden space 249344K, 100% used [0x00000000e0000000,0x00000000ef380000,0x00000000ef380000)
  from space 27648K, 51% used [0x00000000f1f80000,0x00000000f2d7c2d0,0x00000000f3a80000)
  to   space 36352K, 0% used [0x00000000ef380000,0x00000000ef380000,0x00000000f1700000)
 ParOldGen       total 159232K, used 62197K [0x00000000a0000000, 0x00000000a9b80000, 0x00000000e0000000)
  object space 159232K, 39% used [0x00000000a0000000,0x00000000a3cbd7d0,0x00000000a9b80000)
 Metaspace       used 71370K, capacity 75188K, committed 75520K, reserved 1114112K
  class space    used 9300K, capacity 10137K, committed 10240K, reserved 1048576K
Event: 436.060 GC heap after
Heap after GC invocations=20 (full 3):
 PSYoungGen      total 285696K, used 8736K [0x00000000e0000000, 0x00000000f4f80000, 0x0000000100000000)
  eden space 249344K, 0% used [0x00000000e0000000,0x00000000e0000000,0x00000000ef380000)
  from space 36352K, 24% used [0x00000000ef380000,0x00000000efc08040,0x00000000f1700000)
  to   space 35328K, 0% used [0x00000000f2d00000,0x00000000f2d00000,0x00000000f4f80000)
 ParOldGen       total 159232K, used 62205K [0x00000000a0000000, 0x00000000a9b80000, 0x00000000e0000000)
  object space 159232K, 39% used [0x00000000a0000000,0x00000000a3cbf7d0,0x00000000a9b80000)
 Metaspace       used 71370K, capacity 75188K, committed 75520K, reserved 1114112K
  class space    used 9300K, capacity 10137K, committed 10240K, reserved 1048576K
}
Event: 447.275 GC heap before
{Heap before GC invocations=21 (full 3):
 PSYoungGen      total 285696K, used 257615K [0x00000000e0000000, 0x00000000f4f80000, 0x0000000100000000)
  eden space 249344K, 99% used [0x00000000e0000000,0x00000000ef30bd40,0x00000000ef380000)
  from space 36352K, 24% used [0x00000000ef380000,0x00000000efc08040,0x00000000f1700000)
  to   space 35328K, 0% used [0x00000000f2d00000,0x00000000f2d00000,0x00000000f4f80000)
 ParOldGen       total 159232K, used 62205K [0x00000000a0000000, 0x00000000a9b80000, 0x00000000e0000000)
  object space 159232K, 39% used [0x00000000a0000000,0x00000000a3cbf7d0,0x00000000a9b80000)
 Metaspace       used 78035K, capacity 81994K, committed 82176K, reserved 1120256K
  class space    used 10070K, capacity 10932K, committed 11008K, reserved 1048576K
Event: 447.303 GC heap after
Heap after GC invocations=21 (full 3):
 PSYoungGen      total 302080K, used 19571K [0x00000000e0000000, 0x00000000f4c80000, 0x0000000100000000)
  eden space 269824K, 0% used [0x00000000e0000000,0x00000000e0000000,0x00000000f0780000)
  from space 32256K, 60% used [0x00000000f2d00000,0x00000000f401ccc0,0x00000000f4c80000)
  to   space 35328K, 0% used [0x00000000f0780000,0x00000000f0780000,0x00000000f2a00000)
 ParOldGen       total 159232K, used 62221K [0x00000000a0000000, 0x00000000a9b80000, 0x00000000e0000000)
  object space 159232K, 39% used [0x00000000a0000000,0x00000000a3cc37d0,0x00000000a9b80000)
 Metaspace       used 78035K, capacity 81994K, committed 82176K, reserved 1120256K
  class space    used 10070K, capacity 10932K, committed 11008K, reserved 1048576K
}
Event: 464.695 GC heap before
{Heap before GC invocations=22 (full 3):
 PSYoungGen      total 302080K, used 289313K [0x00000000e0000000, 0x00000000f4c80000, 0x0000000100000000)
  eden space 269824K, 99% used [0x00000000e0000000,0x00000000f076b840,0x00000000f0780000)
  from space 32256K, 60% used [0x00000000f2d00000,0x00000000f401ccc0,0x00000000f4c80000)
  to   space 35328K, 0% used [0x00000000f0780000,0x00000000f0780000,0x00000000f2a00000)
 ParOldGen       total 159232K, used 62221K [0x00000000a0000000, 0x00000000a9b80000, 0x00000000e0000000)
  object space 159232K, 39% used [0x00000000a0000000,0x00000000a3cc37d0,0x00000000a9b80000)
 Metaspace       used 78724K, capacity 82880K, committed 83072K, reserved 1122304K
  class space    used 10176K, capacity 11063K, committed 11136K, reserved 1048576K
Event: 464.724 GC heap after
Heap after GC invocations=22 (full 3):
 PSYoungGen      total 278528K, used 17452K [0x00000000e0000000, 0x00000000f4080000, 0x0000000100000000)
  eden space 260608K, 0% used [0x00000000e0000000,0x00000000e0000000,0x00000000efe80000)
  from space 17920K, 97% used [0x00000000f0780000,0x00000000f188b0c0,0x00000000f1900000)
  to   space 33792K, 0% used [0x00000000f1f80000,0x00000000f1f80000,0x00000000f4080000)
 ParOldGen       total 159232K, used 62229K [0x00000000a0000000, 0x00000000a9b80000, 0x00000000e0000000)
  object space 159232K, 39% used [0x00000000a0000000,0x00000000a3cc57d0,0x00000000a9b80000)
 Metaspace       used 78724K, capacity 82880K, committed 83072K, reserved 1122304K
  class space    used 10176K, capacity 11063K, committed 11136K, reserved 1048576K
}

